daruma_app_develop/android/app/build/intermediates/manifest_merge_blame_file/stgNoneDebug/manifest-merger-blame-stg-none-debug-report.txt
1<?xml version="1.0" encoding="utf-8"?>
2<manifest xmlns:android="http://schemas.android.com/apk/res/android"
3    package="com.sukoyakadaruma.liferecord.staging"
4    android:versionCode="1"
5    android:versionName="1.0.0" >
6
7    <uses-sdk
8        android:minSdkVersion="19"
9        android:targetSdkVersion="29" />
10
11    <uses-permission android:name="android.permission.SYSTEM_ALERT_WINDOW" />
11-->src/debug/AndroidManifest.xml:5:5-77
11-->src/debug/AndroidManifest.xml:5:22-75
12    <uses-permission android:name="android.permission.INTERNET" />
12-->src/main/AndroidManifest.xml:6:5-67
12-->src/main/AndroidManifest.xml:6:22-64
13    <uses-permission android:name="android.permission.RECEIVE_BOOT_COMPLETED" />
13-->src/main/AndroidManifest.xml:7:5-81
13-->src/main/AndroidManifest.xml:7:22-78
14    <uses-permission android:name="android.permission.VIBRATE" />
14-->src/main/AndroidManifest.xml:8:5-66
14-->src/main/AndroidManifest.xml:8:22-63
15    <uses-permission android:name="android.permission.ACCESS_WIFI_STATE" />
15-->[com.facebook.flipper:flipper:0.37.0] AndroidManifest.xml:16:5-76
15-->[com.facebook.flipper:flipper:0.37.0] AndroidManifest.xml:16:22-73
16    <uses-permission android:name="android.permission.WAKE_LOCK" />
16-->[:@react-native-firebase_messaging] AndroidManifest.xml:12:5-68
16-->[:@react-native-firebase_messaging] AndroidManifest.xml:12:22-65
17    <uses-permission android:name="android.permission.ACCESS_NETWORK_STATE" />
17-->[:@react-native-firebase_messaging] AndroidManifest.xml:13:5-79
17-->[:@react-native-firebase_messaging] AndroidManifest.xml:13:22-76
18    <uses-permission android:name="android.permission.USE_BIOMETRIC" />
18-->[:react-native-sensitive-info] AndroidManifest.xml:11:5-72
18-->[:react-native-sensitive-info] AndroidManifest.xml:11:22-69
19    <uses-permission android:name="android.permission.USE_FINGERPRINT" /> <!-- Required by older versions of Google Play services to create IID tokens -->
19-->[:react-native-sensitive-info] AndroidManifest.xml:12:5-74
19-->[:react-native-sensitive-info] AndroidManifest.xml:12:22-71
20    <uses-permission android:name="com.google.android.c2dm.permission.RECEIVE" />
20-->[com.google.firebase:firebase-messaging:21.1.0] AndroidManifest.xml:25:5-82
20-->[com.google.firebase:firebase-messaging:21.1.0] AndroidManifest.xml:25:22-79
21    <uses-permission android:name="com.google.android.finsky.permission.BIND_GET_INSTALL_REFERRER_SERVICE" /> <!-- for android -->
21-->[com.google.android.gms:play-services-measurement:17.6.0] AndroidManifest.xml:26:5-110
21-->[com.google.android.gms:play-services-measurement:17.6.0] AndroidManifest.xml:26:22-107
22    <!-- <uses-permission android:name="com.android.launcher.permission.READ_SETTINGS"/> -->
23    <!-- <uses-permission android:name="com.android.launcher.permission.WRITE_SETTINGS"/> -->
24    <!-- <uses-permission android:name="com.android.launcher.permission.INSTALL_SHORTCUT" /> -->
25    <!-- <uses-permission android:name="com.android.launcher.permission.UNINSTALL_SHORTCUT" /> -->
26    <!-- for Samsung -->
27    <uses-permission android:name="com.sec.android.provider.badge.permission.READ" />
27-->[me.leolin:ShortcutBadger:1.1.22] AndroidManifest.xml:19:5-86
27-->[me.leolin:ShortcutBadger:1.1.22] AndroidManifest.xml:19:22-83
28    <uses-permission android:name="com.sec.android.provider.badge.permission.WRITE" /> <!-- for htc -->
28-->[me.leolin:ShortcutBadger:1.1.22] AndroidManifest.xml:20:5-87
28-->[me.leolin:ShortcutBadger:1.1.22] AndroidManifest.xml:20:22-84
29    <uses-permission android:name="com.htc.launcher.permission.READ_SETTINGS" />
29-->[me.leolin:ShortcutBadger:1.1.22] AndroidManifest.xml:23:5-81
29-->[me.leolin:ShortcutBadger:1.1.22] AndroidManifest.xml:23:22-78
30    <uses-permission android:name="com.htc.launcher.permission.UPDATE_SHORTCUT" /> <!-- for sony -->
30-->[me.leolin:ShortcutBadger:1.1.22] AndroidManifest.xml:24:5-83
30-->[me.leolin:ShortcutBadger:1.1.22] AndroidManifest.xml:24:22-80
31    <uses-permission android:name="com.sonyericsson.home.permission.BROADCAST_BADGE" />
31-->[me.leolin:ShortcutBadger:1.1.22] AndroidManifest.xml:27:5-88
31-->[me.leolin:ShortcutBadger:1.1.22] AndroidManifest.xml:27:22-85
32    <uses-permission android:name="com.sonymobile.home.permission.PROVIDER_INSERT_BADGE" /> <!-- for apex -->
32-->[me.leolin:ShortcutBadger:1.1.22] AndroidManifest.xml:28:5-92
32-->[me.leolin:ShortcutBadger:1.1.22] AndroidManifest.xml:28:22-89
33    <uses-permission android:name="com.anddoes.launcher.permission.UPDATE_COUNT" /> <!-- for solid -->
33-->[me.leolin:ShortcutBadger:1.1.22] AndroidManifest.xml:31:5-84
33-->[me.leolin:ShortcutBadger:1.1.22] AndroidManifest.xml:31:22-81
34    <uses-permission android:name="com.majeur.launcher.permission.UPDATE_BADGE" /> <!-- for huawei -->
34-->[me.leolin:ShortcutBadger:1.1.22] AndroidManifest.xml:34:5-83
34-->[me.leolin:ShortcutBadger:1.1.22] AndroidManifest.xml:34:22-80
35    <uses-permission android:name="com.huawei.android.launcher.permission.CHANGE_BADGE" />
35-->[me.leolin:ShortcutBadger:1.1.22] AndroidManifest.xml:37:5-91
35-->[me.leolin:ShortcutBadger:1.1.22] AndroidManifest.xml:37:22-88
36    <uses-permission android:name="com.huawei.android.launcher.permission.READ_SETTINGS" />
36-->[me.leolin:ShortcutBadger:1.1.22] AndroidManifest.xml:38:5-92
36-->[me.leolin:ShortcutBadger:1.1.22] AndroidManifest.xml:38:22-89
37    <uses-permission android:name="com.huawei.android.launcher.permission.WRITE_SETTINGS" /> <!-- for ZUK -->
37-->[me.leolin:ShortcutBadger:1.1.22] AndroidManifest.xml:39:5-93
37-->[me.leolin:ShortcutBadger:1.1.22] AndroidManifest.xml:39:22-90
38    <uses-permission android:name="android.permission.READ_APP_BADGE" /> <!-- for OPPO -->
38-->[me.leolin:ShortcutBadger:1.1.22] AndroidManifest.xml:42:5-73
38-->[me.leolin:ShortcutBadger:1.1.22] AndroidManifest.xml:42:22-70
39    <uses-permission android:name="com.oppo.launcher.permission.READ_SETTINGS" />
39-->[me.leolin:ShortcutBadger:1.1.22] AndroidManifest.xml:45:5-82
39-->[me.leolin:ShortcutBadger:1.1.22] AndroidManifest.xml:45:22-79
40    <uses-permission android:name="com.oppo.launcher.permission.WRITE_SETTINGS" /> <!-- for EvMe -->
40-->[me.leolin:ShortcutBadger:1.1.22] AndroidManifest.xml:46:5-83
40-->[me.leolin:ShortcutBadger:1.1.22] AndroidManifest.xml:46:22-80
41    <uses-permission android:name="me.everything.badger.permission.BADGE_COUNT_READ" />
41-->[me.leolin:ShortcutBadger:1.1.22] AndroidManifest.xml:49:5-88
41-->[me.leolin:ShortcutBadger:1.1.22] AndroidManifest.xml:49:22-85
42    <uses-permission android:name="me.everything.badger.permission.BADGE_COUNT_WRITE" />
42-->[me.leolin:ShortcutBadger:1.1.22] AndroidManifest.xml:50:5-89
42-->[me.leolin:ShortcutBadger:1.1.22] AndroidManifest.xml:50:22-86
43
44    <application
44-->src/main/AndroidManifest.xml:10:5-52:19
45        android:name="com.daruma_app.MainApplication"
45-->src/main/AndroidManifest.xml:11:7-52
46        android:allowBackup="false"
46-->src/main/AndroidManifest.xml:14:7-34
47        android:appComponentFactory="androidx.core.app.CoreComponentFactory"
47-->[androidx.core:core:1.3.0] AndroidManifest.xml:24:18-86
48        android:debuggable="true"
49        android:icon="@mipmap/ic_launcher"
49-->src/main/AndroidManifest.xml:13:7-41
50        android:label="@string/app_name"
50-->src/main/AndroidManifest.xml:12:7-39
51        android:supportsRtl="true"
51-->[com.linecorp:linesdk:5.1.1] AndroidManifest.xml:13:9-35
52        android:theme="@style/AppTheme"
52-->src/main/AndroidManifest.xml:15:7-38
53        android:usesCleartextTraffic="true" >
53-->src/debug/AndroidManifest.xml:7:18-53
54        <activity
54-->src/main/AndroidManifest.xml:17:7-27:18
55            android:name="com.daruma_app.MainActivity"
55-->src/main/AndroidManifest.xml:18:9-37
56            android:configChanges="keyboard|keyboardHidden|orientation|screenSize|uiMode"
56-->src/main/AndroidManifest.xml:20:9-86
57            android:label="@string/app_name"
57-->src/main/AndroidManifest.xml:19:9-41
58            android:launchMode="singleTop"
58-->src/main/AndroidManifest.xml:21:9-39
59            android:windowSoftInputMode="adjustResize" >
59-->src/main/AndroidManifest.xml:22:9-51
60            <intent-filter>
60-->src/main/AndroidManifest.xml:23:9-26:25
61                <action android:name="android.intent.action.MAIN" />
61-->src/main/AndroidManifest.xml:24:13-65
61-->src/main/AndroidManifest.xml:24:21-62
62
63                <category android:name="android.intent.category.LAUNCHER" />
63-->src/main/AndroidManifest.xml:25:13-73
63-->src/main/AndroidManifest.xml:25:23-70
64            </intent-filter>
65        </activity>
66        <activity
66-->src/main/AndroidManifest.xml:28:7-84
67            android:name="com.facebook.react.devsupport.DevSettingsActivity"
67-->src/main/AndroidManifest.xml:28:17-81
68            android:exported="false" />
68-->[:react-native-navigation] AndroidManifest.xml:14:13-37
69
70        <meta-data
70-->src/main/AndroidManifest.xml:29:7-30:32
71            android:name="com.dieam.reactnativepushnotification.channel_create_default"
71-->src/main/AndroidManifest.xml:29:19-94
72            android:value="false" />
72-->src/main/AndroidManifest.xml:30:9-30
73
74        <service android:name="io.invertase.firebase.messaging.ReactNativeFirebaseMessagingHeadlessService" />
74-->[:@react-native-firebase_messaging] AndroidManifest.xml:16:9-111
74-->[:@react-native-firebase_messaging] AndroidManifest.xml:16:18-108
75        <service
75-->[:@react-native-firebase_messaging] AndroidManifest.xml:17:9-23:19
76            android:name="io.invertase.firebase.messaging.ReactNativeFirebaseMessagingService"
76-->[:@react-native-firebase_messaging] AndroidManifest.xml:18:13-95
77            android:exported="false" >
77-->[:@react-native-firebase_messaging] AndroidManifest.xml:19:13-37
78            <intent-filter>
78-->[:@react-native-firebase_messaging] AndroidManifest.xml:20:13-22:29
79                <action android:name="com.google.firebase.MESSAGING_EVENT" />
79-->[:@react-native-firebase_messaging] AndroidManifest.xml:21:17-78
79-->[:@react-native-firebase_messaging] AndroidManifest.xml:21:25-75
80            </intent-filter>
81        </service>
82
83        <receiver
83-->[:@react-native-firebase_messaging] AndroidManifest.xml:25:9-32:20
84            android:name="io.invertase.firebase.messaging.ReactNativeFirebaseMessagingReceiver"
84-->[:@react-native-firebase_messaging] AndroidManifest.xml:26:13-96
85            android:exported="true"
85-->[:@react-native-firebase_messaging] AndroidManifest.xml:27:13-36
86            android:permission="com.google.android.c2dm.permission.SEND" >
86-->[:@react-native-firebase_messaging] AndroidManifest.xml:28:13-73
87            <intent-filter>
87-->[:@react-native-firebase_messaging] AndroidManifest.xml:29:13-31:29
88                <action android:name="com.google.android.c2dm.intent.RECEIVE" />
88-->[:@react-native-firebase_messaging] AndroidManifest.xml:30:17-81
88-->[:@react-native-firebase_messaging] AndroidManifest.xml:30:25-78
89            </intent-filter>
90        </receiver>
91
92        <meta-data
92-->[:@react-native-firebase_messaging] AndroidManifest.xml:34:9-36:36
93            android:name="firebase_messaging_auto_init_enabled"
93-->[:@react-native-firebase_messaging] AndroidManifest.xml:35:13-64
94            android:value="true" />
94-->[:@react-native-firebase_messaging] AndroidManifest.xml:36:13-33
95        <meta-data
95-->[:@react-native-firebase_messaging] AndroidManifest.xml:37:9-39:32
96            android:name="com.google.firebase.messaging.default_notification_channel_id"
96-->[:@react-native-firebase_messaging] AndroidManifest.xml:38:13-89
97            android:value="" />
97-->[:@react-native-firebase_messaging] AndroidManifest.xml:39:13-29
98        <meta-data
98-->[:@react-native-firebase_messaging] AndroidManifest.xml:40:9-42:47
99            android:name="com.google.firebase.messaging.default_notification_color"
99-->[:@react-native-firebase_messaging] AndroidManifest.xml:41:13-84
100            android:resource="@color/white" />
100-->[:@react-native-firebase_messaging] AndroidManifest.xml:42:13-44
101
102        <receiver
102-->[:react-native-device-info] AndroidManifest.xml:13:9-21:20
103            android:name="com.learnium.RNDeviceInfo.RNDeviceReceiver"
103-->[:react-native-device-info] AndroidManifest.xml:14:13-70
104            android:enabled="true"
104-->[:react-native-device-info] AndroidManifest.xml:15:13-35
105            android:exported="true" >
105-->[:react-native-device-info] AndroidManifest.xml:16:13-36
106            <intent-filter>
106-->[:react-native-device-info] AndroidManifest.xml:18:13-20:29
107                <action android:name="com.android.vending.INSTALL_REFERRER" />
107-->[:react-native-device-info] AndroidManifest.xml:19:17-79
107-->[:react-native-device-info] AndroidManifest.xml:19:25-76
108            </intent-filter>
109        </receiver>
110
111        <provider
111-->[:react-native-webview] AndroidManifest.xml:12:9-20:20
112            android:name="com.reactnativecommunity.webview.RNCWebViewFileProvider"
112-->[:react-native-webview] AndroidManifest.xml:13:13-83
113            android:authorities="com.sukoyakadaruma.liferecord.staging.fileprovider"
113-->[:react-native-webview] AndroidManifest.xml:14:13-64
114            android:exported="false"
114-->[:react-native-webview] AndroidManifest.xml:15:13-37
115            android:grantUriPermissions="true" >
115-->[:react-native-webview] AndroidManifest.xml:16:13-47
116            <meta-data
116-->[:react-native-webview] AndroidManifest.xml:17:13-19:63
117                android:name="android.support.FILE_PROVIDER_PATHS"
117-->[:react-native-webview] AndroidManifest.xml:18:17-67
118                android:resource="@xml/file_provider_paths" />
118-->[:react-native-webview] AndroidManifest.xml:19:17-60
119        </provider>
120        <!--
121         "launchMode" of this activity must not be singleInstance and singleTask because, this is
122         launched with using startActivityForResult().
123         This activity must be stacked on same Activity Stack of the caller.
124        -->
125        <activity
125-->[com.linecorp:linesdk:5.1.1] AndroidManifest.xml:20:9-25:69
126            android:name="com.linecorp.linesdk.auth.internal.LineAuthenticationActivity"
126-->[com.linecorp:linesdk:5.1.1] AndroidManifest.xml:21:13-89
127            android:configChanges="orientation|screenSize|keyboardHidden"
127-->[com.linecorp:linesdk:5.1.1] AndroidManifest.xml:22:13-74
128            android:exported="false"
128-->[com.linecorp:linesdk:5.1.1] AndroidManifest.xml:23:13-37
129            android:launchMode="singleTop"
129-->[com.linecorp:linesdk:5.1.1] AndroidManifest.xml:24:13-43
130            android:theme="@style/LineSdk_AuthenticationActivity" />
130-->[com.linecorp:linesdk:5.1.1] AndroidManifest.xml:25:13-66
131        <activity
131-->[com.linecorp:linesdk:5.1.1] AndroidManifest.xml:26:9-38:20
132            android:name="com.linecorp.linesdk.auth.internal.LineAuthenticationCallbackActivity"
132-->[com.linecorp:linesdk:5.1.1] AndroidManifest.xml:27:13-97
133            android:configChanges="orientation|screenSize|keyboardHidden"
133-->[com.linecorp:linesdk:5.1.1] AndroidManifest.xml:28:13-74
134            android:exported="true" >
134-->[com.linecorp:linesdk:5.1.1] AndroidManifest.xml:29:13-36
135            <intent-filter>
135-->[com.linecorp:linesdk:5.1.1] AndroidManifest.xml:30:13-37:29
136                <action android:name="android.intent.action.VIEW" />
136-->[com.linecorp:linesdk:5.1.1] AndroidManifest.xml:31:17-69
136-->[com.linecorp:linesdk:5.1.1] AndroidManifest.xml:31:25-66
137
138                <category android:name="android.intent.category.DEFAULT" />
138-->[com.linecorp:linesdk:5.1.1] AndroidManifest.xml:33:17-76
138-->[com.linecorp:linesdk:5.1.1] AndroidManifest.xml:33:27-73
139                <category android:name="android.intent.category.BROWSABLE" />
139-->[com.linecorp:linesdk:5.1.1] AndroidManifest.xml:34:17-78
139-->[com.linecorp:linesdk:5.1.1] AndroidManifest.xml:34:27-75
140
141                <data android:scheme="lineauth" />
141-->[com.linecorp:linesdk:5.1.1] AndroidManifest.xml:36:17-51
141-->[com.linecorp:linesdk:5.1.1] AndroidManifest.xml:36:23-48
142            </intent-filter>
143        </activity>
144        <activity
144-->[androidx.biometric:biometric:1.0.1] AndroidManifest.xml:28:9-31:67
145            android:name="androidx.biometric.DeviceCredentialHandlerActivity"
145-->[androidx.biometric:biometric:1.0.1] AndroidManifest.xml:29:13-78
146            android:exported="true"
146-->[androidx.biometric:biometric:1.0.1] AndroidManifest.xml:30:13-36
147            android:theme="@style/DeviceCredentialHandlerTheme" />
147-->[androidx.biometric:biometric:1.0.1] AndroidManifest.xml:31:13-64
148
149        <receiver
149-->[com.google.firebase:firebase-messaging:21.1.0] AndroidManifest.xml:28:9-35:20
150            android:name="com.google.firebase.iid.FirebaseInstanceIdReceiver"
150-->[com.google.firebase:firebase-messaging:21.1.0] AndroidManifest.xml:29:13-78
151            android:exported="true"
151-->[com.google.firebase:firebase-messaging:21.1.0] AndroidManifest.xml:30:13-36
152            android:permission="com.google.android.c2dm.permission.SEND" >
152-->[com.google.firebase:firebase-messaging:21.1.0] AndroidManifest.xml:31:13-73
153            <intent-filter>
153-->[:@react-native-firebase_messaging] AndroidManifest.xml:29:13-31:29
154                <action android:name="com.google.android.c2dm.intent.RECEIVE" />
154-->[:@react-native-firebase_messaging] AndroidManifest.xml:30:17-81
154-->[:@react-native-firebase_messaging] AndroidManifest.xml:30:25-78
155            </intent-filter>
156        </receiver>
157        <!--
158             FirebaseMessagingService performs security checks at runtime,
159             but set to not exported to explicitly avoid allowing another app to call it.
160        -->
161        <service
161-->[com.google.firebase:firebase-messaging:21.1.0] AndroidManifest.xml:41:9-48:19
162            android:name="com.google.firebase.messaging.FirebaseMessagingService"
162-->[com.google.firebase:firebase-messaging:21.1.0] AndroidManifest.xml:42:13-82
163            android:directBootAware="true"
163-->[com.google.firebase:firebase-messaging:21.1.0] AndroidManifest.xml:43:13-43
164            android:exported="false" >
164-->[com.google.firebase:firebase-messaging:21.1.0] AndroidManifest.xml:44:13-37
165            <intent-filter android:priority="-500" >
165-->[:@react-native-firebase_messaging] AndroidManifest.xml:20:13-22:29
166                <action android:name="com.google.firebase.MESSAGING_EVENT" />
166-->[:@react-native-firebase_messaging] AndroidManifest.xml:21:17-78
166-->[:@react-native-firebase_messaging] AndroidManifest.xml:21:25-75
167            </intent-filter>
168        </service>
169        <service
169-->[com.google.firebase:firebase-messaging:21.1.0] AndroidManifest.xml:49:9-55:19
170            android:name="com.google.firebase.components.ComponentDiscoveryService"
170-->[com.google.firebase:firebase-messaging:21.1.0] AndroidManifest.xml:50:13-84
171            android:directBootAware="true"
171-->[com.google.firebase:firebase-common:19.5.0] AndroidManifest.xml:35:13-43
172            android:exported="false" >
172-->[com.google.firebase:firebase-messaging:21.1.0] AndroidManifest.xml:51:13-37
173            <meta-data
173-->[com.google.firebase:firebase-messaging:21.1.0] AndroidManifest.xml:52:13-54:85
174                android:name="com.google.firebase.components:com.google.firebase.messaging.FirebaseMessagingRegistrar"
174-->[com.google.firebase:firebase-messaging:21.1.0] AndroidManifest.xml:53:17-119
175                android:value="com.google.firebase.components.ComponentRegistrar" />
175-->[com.google.firebase:firebase-messaging:21.1.0] AndroidManifest.xml:54:17-82
176            <meta-data
176-->[com.google.firebase:firebase-datatransport:17.0.10] AndroidManifest.xml:28:13-30:85
177                android:name="com.google.firebase.components:com.google.firebase.datatransport.TransportRegistrar"
177-->[com.google.firebase:firebase-datatransport:17.0.10] AndroidManifest.xml:29:17-115
178                android:value="com.google.firebase.components.ComponentRegistrar" />
178-->[com.google.firebase:firebase-datatransport:17.0.10] AndroidManifest.xml:30:17-82
179            <meta-data
179-->[com.google.firebase:firebase-iid:21.1.0] AndroidManifest.xml:32:13-34:85
180                android:name="com.google.firebase.components:com.google.firebase.iid.Registrar"
180-->[com.google.firebase:firebase-iid:21.1.0] AndroidManifest.xml:33:17-96
181                android:value="com.google.firebase.components.ComponentRegistrar" />
181-->[com.google.firebase:firebase-iid:21.1.0] AndroidManifest.xml:34:17-82
182            <meta-data
182-->[com.google.android.gms:play-services-measurement-api:17.6.0] AndroidManifest.xml:30:13-32:85
183                android:name="com.google.firebase.components:com.google.firebase.analytics.connector.internal.AnalyticsConnectorRegistrar"
183-->[com.google.android.gms:play-services-measurement-api:17.6.0] AndroidManifest.xml:31:17-139
184                android:value="com.google.firebase.components.ComponentRegistrar" />
184-->[com.google.android.gms:play-services-measurement-api:17.6.0] AndroidManifest.xml:32:17-82
185            <meta-data
185-->[com.google.firebase:firebase-installations:16.3.5] AndroidManifest.xml:18:13-20:85
186                android:name="com.google.firebase.components:com.google.firebase.installations.FirebaseInstallationsRegistrar"
186-->[com.google.firebase:firebase-installations:16.3.5] AndroidManifest.xml:19:17-127
187                android:value="com.google.firebase.components.ComponentRegistrar" />
187-->[com.google.firebase:firebase-installations:16.3.5] AndroidManifest.xml:20:17-82
188            <!--
189                This registrar is not defined in the dynamic-module-support sdk itself to allow non-firebase
190                clients to use it as well, by defining this registrar in their own core/common library.
191            -->
192            <meta-data
192-->[com.google.firebase:firebase-common:19.5.0] AndroidManifest.xml:43:13-45:85
193                android:name="com.google.firebase.components:com.google.firebase.dynamicloading.DynamicLoadingRegistrar"
193-->[com.google.firebase:firebase-common:19.5.0] AndroidManifest.xml:44:17-121
194                android:value="com.google.firebase.components.ComponentRegistrar" />
194-->[com.google.firebase:firebase-common:19.5.0] AndroidManifest.xml:45:17-82
195        </service>
196        <service
196-->[com.google.android.datatransport:transport-backend-cct:2.3.3] AndroidManifest.xml:29:9-35:19
197            android:name="com.google.android.datatransport.runtime.backends.TransportBackendDiscovery"
197-->[com.google.android.datatransport:transport-backend-cct:2.3.3] AndroidManifest.xml:30:13-103
198            android:exported="false" >
198-->[com.google.android.datatransport:transport-backend-cct:2.3.3] AndroidManifest.xml:31:13-37
199            <meta-data
199-->[com.google.android.datatransport:transport-backend-cct:2.3.3] AndroidManifest.xml:32:13-34:39
200                android:name="backend:com.google.android.datatransport.cct.CctBackendFactory"
200-->[com.google.android.datatransport:transport-backend-cct:2.3.3] AndroidManifest.xml:33:17-94
201                android:value="cct" />
201-->[com.google.android.datatransport:transport-backend-cct:2.3.3] AndroidManifest.xml:34:17-36
202        </service>
203        <service
203-->[com.google.android.datatransport:transport-runtime:2.2.5] AndroidManifest.xml:26:9-30:19
204            android:name="com.google.android.datatransport.runtime.scheduling.jobscheduling.JobInfoSchedulerService"
204-->[com.google.android.datatransport:transport-runtime:2.2.5] AndroidManifest.xml:27:13-117
205            android:exported="false"
205-->[com.google.android.datatransport:transport-runtime:2.2.5] AndroidManifest.xml:28:13-37
206            android:permission="android.permission.BIND_JOB_SERVICE" >
206-->[com.google.android.datatransport:transport-runtime:2.2.5] AndroidManifest.xml:29:13-69
207        </service>
208
209        <receiver
209-->[com.google.android.datatransport:transport-runtime:2.2.5] AndroidManifest.xml:32:9-34:40
210            android:name="com.google.android.datatransport.runtime.scheduling.jobscheduling.AlarmManagerSchedulerBroadcastReceiver"
210-->[com.google.android.datatransport:transport-runtime:2.2.5] AndroidManifest.xml:33:13-132
211            android:exported="false" />
211-->[com.google.android.datatransport:transport-runtime:2.2.5] AndroidManifest.xml:34:13-37
212
213        <activity
213-->[:appauth] AndroidManifest.xml:27:9-31:75
214            android:name="net.openid.appauth.AuthorizationManagementActivity"
214-->[:appauth] AndroidManifest.xml:28:13-78
215            android:exported="false"
215-->[:appauth] AndroidManifest.xml:29:13-37
216            android:launchMode="singleTask"
216-->[:appauth] AndroidManifest.xml:30:13-44
217            android:theme="@android:style/Theme.Translucent.NoTitleBar" />
217-->[:appauth] AndroidManifest.xml:31:13-72
218        <activity
218-->[:appauth] AndroidManifest.xml:32:9-43:20
219            android:name="net.openid.appauth.RedirectUriReceiverActivity"
219-->[:appauth] AndroidManifest.xml:33:13-74
220            android:exported="true" >
220-->[:appauth] AndroidManifest.xml:34:13-36
221            <intent-filter>
221-->[:appauth] AndroidManifest.xml:35:13-42:29
222                <action android:name="android.intent.action.VIEW" />
222-->[com.linecorp:linesdk:5.1.1] AndroidManifest.xml:31:17-69
222-->[com.linecorp:linesdk:5.1.1] AndroidManifest.xml:31:25-66
223
224                <category android:name="android.intent.category.DEFAULT" />
224-->[com.linecorp:linesdk:5.1.1] AndroidManifest.xml:33:17-76
224-->[com.linecorp:linesdk:5.1.1] AndroidManifest.xml:33:27-73
225                <category android:name="android.intent.category.BROWSABLE" />
225-->[com.linecorp:linesdk:5.1.1] AndroidManifest.xml:34:17-78
225-->[com.linecorp:linesdk:5.1.1] AndroidManifest.xml:34:27-75
226
227                <data android:scheme="com.sukoyakadaruma.liferecord.staging" />
227-->[com.linecorp:linesdk:5.1.1] AndroidManifest.xml:36:17-51
227-->[com.linecorp:linesdk:5.1.1] AndroidManifest.xml:36:23-48
228            </intent-filter>
229        </activity>
230        <activity
230-->[com.google.android.gms:play-services-auth:18.1.0] AndroidManifest.xml:23:9-27:75
231            android:name="com.google.android.gms.auth.api.signin.internal.SignInHubActivity"
231-->[com.google.android.gms:play-services-auth:18.1.0] AndroidManifest.xml:24:13-93
232            android:excludeFromRecents="true"
232-->[com.google.android.gms:play-services-auth:18.1.0] AndroidManifest.xml:25:13-46
233            android:exported="false"
233-->[com.google.android.gms:play-services-auth:18.1.0] AndroidManifest.xml:26:13-37
234            android:theme="@android:style/Theme.Translucent.NoTitleBar" />
234-->[com.google.android.gms:play-services-auth:18.1.0] AndroidManifest.xml:27:13-72
235        <!--
236            Service handling Google Sign-In user revocation. For apps that do not integrate with
237            Google Sign-In, this service will never be started.
238        -->
239        <service
239-->[com.google.android.gms:play-services-auth:18.1.0] AndroidManifest.xml:33:9-37:51
240            android:name="com.google.android.gms.auth.api.signin.RevocationBoundService"
240-->[com.google.android.gms:play-services-auth:18.1.0] AndroidManifest.xml:34:13-89
241            android:exported="true"
241-->[com.google.android.gms:play-services-auth:18.1.0] AndroidManifest.xml:35:13-36
242            android:permission="com.google.android.gms.auth.api.signin.permission.REVOCATION_NOTIFICATION"
242-->[com.google.android.gms:play-services-auth:18.1.0] AndroidManifest.xml:36:13-107
243            android:visibleToInstantApps="true" />
243-->[com.google.android.gms:play-services-auth:18.1.0] AndroidManifest.xml:37:13-48
244
245        <activity
245-->[com.google.android.gms:play-services-base:17.1.0] AndroidManifest.xml:23:9-26:75
246            android:name="com.google.android.gms.common.api.GoogleApiActivity"
246-->[com.google.android.gms:play-services-base:17.1.0] AndroidManifest.xml:24:13-79
247            android:exported="false"
247-->[com.google.android.gms:play-services-base:17.1.0] AndroidManifest.xml:25:13-37
248            android:theme="@android:style/Theme.Translucent.NoTitleBar" />
248-->[com.google.android.gms:play-services-base:17.1.0] AndroidManifest.xml:26:13-72
249
250        <provider
250-->[com.google.firebase:firebase-common:19.5.0] AndroidManifest.xml:26:9-31:39
251            android:name="com.google.firebase.provider.FirebaseInitProvider"
251-->[com.google.firebase:firebase-common:19.5.0] AndroidManifest.xml:27:13-77
252            android:authorities="com.sukoyakadaruma.liferecord.staging.firebaseinitprovider"
252-->[com.google.firebase:firebase-common:19.5.0] AndroidManifest.xml:28:13-72
253            android:directBootAware="true"
253-->[com.google.firebase:firebase-common:19.5.0] AndroidManifest.xml:29:13-43
254            android:exported="false"
254-->[com.google.firebase:firebase-common:19.5.0] AndroidManifest.xml:30:13-37
255            android:initOrder="100" />
255-->[com.google.firebase:firebase-common:19.5.0] AndroidManifest.xml:31:13-36
256
257        <receiver
257-->[com.google.android.gms:play-services-measurement:17.6.0] AndroidManifest.xml:29:9-33:20
258            android:name="com.google.android.gms.measurement.AppMeasurementReceiver"
258-->[com.google.android.gms:play-services-measurement:17.6.0] AndroidManifest.xml:30:13-85